20
Is Player a human (h) or a computer (c)?
Is Player a human (h) or a computer (c)?
Is Player a human (h) or a computer (c)?
Is Player a human (h) or a computer (c)?
A new round begins. It’s Player1’s turn to play.
Player1 plays 7S
Player2 discards KH.
Player3 plays 8S
Player4 plays 7H
Player1 plays 7C
Player2 plays 8C
Player3 plays 6C
Player4 plays 5C
Player1 discards 4H.
Player2 plays 4C
Player3 plays 9S
Player4 plays 10S
Player1 plays 3C
Player2 discards 3S.
Player3 plays 8H
Player4 plays 9H
Player1 plays JS
Player2 discards QD.
Player3 plays QS
Player4 plays 7D
Player1 discards 9D.
Player2 plays KS
Player3 plays 6H
Player4 plays 8D
Player1 discards 3H.
Player2 plays 5H
Player3 plays 9C
Player4 plays 6D
Player1 discards JC.
Player2 plays 5D
Player3 plays 6S
Player4 plays 5S
Player1 plays 4D
Player2 plays 10C
Player3 plays 4S
Player4 discards 2S.
Player1 plays 3D
Player2 plays 2D
Player3 plays 2C
Player4 discards QH.
Player1 plays AC
Player2 plays AD
Player3 plays 10H
Player4 plays JH
Player1 discards AS.
Player2 discards JD.
Player3 discards 2H.
Player4 discards QC.
Player1 discards 10D.
Player2 discards KC.
Player3 discards AH.
Player4 discards KD.
Player1's discards: 4H 9D 3H JC AS 10D
Player0's score: 0 + 38 = 38
Player2's discards: KH 3S QD JD KC
Player1's score: 0 + 52 = 52
Player3's discards: 2H AH
Player2's score: 0 + 3 = 3
Player4's discards: 2S QH QC KD
Player3's score: 0 + 39 = 39
A new round begins. It’s Player2’s turn to play.
Player2 plays 7S
Player3 plays 7H
Player4 plays 8H
Player1 plays 8S
Player2 plays 7C
Player3 plays 6H
Player4 plays 5H
Player1 plays 9S
Player2 discards 10H.
Player3 plays 6C
Player4 plays 7D
Player1 plays 8C
Player2 discards 2S.
Player3 plays 5C
Player4 plays 9C
Player1 plays 10S
Player2 plays JS
Player3 plays QS
Player4 plays 10C
Player1 plays 9H
Player2 plays KS
Player3 plays 6D
Player4 plays 8D
Player1 plays 4C
Player2 plays 5D
Player3 plays 9D
Player4 plays JC
Player1 plays 3C
Player2 plays 4D
Player3 plays QC
Player4 plays KC
Player1 plays 3D
Player2 plays 2D
Player3 plays 10D
Player4 plays AD
Player1 plays JD
Player2 discards 2H.
Player3 plays 6S
Player4 plays 2C
Player1 plays QD
Player2 discards KH.
Player3 plays 5S
Player4 plays AC
Player1 plays 4H
Player2 discards 3S.
Player3 plays 4S
Player4 discards AH.
Player1 plays 3H
Player2 discards JH.
Player3 discards AS.
Player4 discards QH.
Player1 plays KD
Player1's discards:
Player0's score: 38 + 0 = 38
Player2's discards: 10H 2S 2H KH 3S JH
Player1's score: 52 + 41 = 93
Player3's discards: AS
Player2's score: 3 + 1 = 4
Player4's discards: AH QH
Player3's score: 39 + 13 = 52
Player3 wins!
