20
Is Player a human (h) or a computer (c)?
Is Player a human (h) or a computer (c)?
Is Player a human (h) or a computer (c)?
Is Player a human (h) or a computer (c)?
A new round begins. It’s Player1’s turn to play.
Cards on the table:
Clubs:
Diamonds:
Hearts:
Spades:
Your Hand: 4H 9D 3H 7S JC AS 3C 7C 10D 4D 3D AC JS
Legal Plays: 7S
4H 9D 3H 7S JC AS 3C 7C 10D 4D 3D AC JS
KH 3S QD 4C 5D 5H AD 10C 8C JD 2D KS KC
6C QS 8S 9S 2H 4S 8H 6H 9C 6S 2C AH 10H
9H 8D 2S 6D QH 7H 10S QC 5C 7D KD 5S JH
You have a legal play. You may not discard.
You have a legal play. You may not discard.
You have a legal play. You may not discard.
This is not a legal play.
This is not a legal play.
Player1 plays 7S.
Cards on the table:
Clubs:
Diamonds:
Hearts:
Spades: 7
Your Hand: KH 3S QD 4C 5D 5H AD 10C 8C JD 2D KS KC
Legal Plays:
Player2 discards KH.
Cards on the table:
Clubs:
Diamonds:
Hearts:
Spades: 7
Your Hand: 6C QS 8S 9S 2H 4S 8H 6H 9C 6S 2C AH 10H
Legal Plays: 8S 6S
This is not a legal play.
You have a legal play. You may not discard.
Player3 plays 8S.
Cards on the table:
Clubs:
Diamonds:
Hearts:
Spades: 7 8
Your Hand: 9H 8D 2S 6D QH 7H 10S QC 5C 7D KD 5S JH
Legal Plays: 7H 7D
Player4 plays 7D.
Cards on the table:
Clubs:
Diamonds: 7
Hearts:
Spades: 7 8
Your Hand: 4H 9D 3H JC AS 3C 7C 10D 4D 3D AC JS
Legal Plays: 7C
Player1 ragequits. A computer will now take over.
Player1 plays 7C
Cards on the table:
Clubs: 7
Diamonds: 7
Hearts:
Spades: 7 8
Your Hand: 3S QD 4C 5D 5H AD 10C 8C JD 2D KS KC
Legal Plays: 8C
Player2 ragequits. A computer will now take over.
Player2 plays 8C
Cards on the table:
Clubs: 7 8
Diamonds: 7
Hearts:
Spades: 7 8
Your Hand: 6C QS 9S 2H 4S 8H 6H 9C 6S 2C AH 10H
Legal Plays: 6C 9S 9C 6S
Player3 ragequits. A computer will now take over.
Player3 plays 6C
Cards on the table:
Clubs: 6 7 8
Diamonds: 7
Hearts:
Spades: 7 8
Your Hand: 9H 8D 2S 6D QH 7H 10S QC 5C KD 5S JH
Legal Plays: 8D 6D 7H 5C
Player4 ragequits. A computer will now take over.
Player4 plays 8D
Player1 plays 9D
Player2 discards 3S.
Player3 plays 9S
Player4 plays 6D
Player1 plays 10D
Player2 plays 5D
Player3 plays 9C
Player4 plays 7H
Player1 plays 4D
Player2 plays 10C
Player3 plays 8H
Player4 plays 9H
Player1 plays JC
Player2 plays JD
Player3 plays 6H
Player4 plays 10S
Player1 plays 3D
Player2 plays QD
Player3 plays 6S
Player4 plays QC
Player1 plays JS
Player2 plays 5H
Player3 plays QS
Player4 plays 5C
Player1 plays 4H
Player2 plays 4C
Player3 plays 10H
Player4 plays KD
Player1 plays 3H
Player2 plays 2D
Player3 plays 2H
Player4 plays 5S
Player1 plays 3C
Player2 plays AD
Player3 plays 4S
Player4 plays JH
Player1 discards AS.
Player2 plays KS
Player3 plays 2C
Player4 plays QH
Player1 plays AC
Player2 plays KC
Player3 plays AH
Player4 discards 2S.
Player1's discards: AS
Player0's score: 0 + 1 = 1
Player2's discards: KH 3S
Player1's score: 0 + 16 = 16
Player3's discards:
Player2's score: 0 + 0 = 0
Player4's discards: 2S
Player3's score: 0 + 2 = 2
A new round begins. It’s Player2’s turn to play.
Player2 plays 7S
Player3 plays 7H
Player4 plays 8H
Player1 plays 8S
Player2 plays 7C
Player3 plays 6H
Player4 plays 5H
Player1 plays 9S
Player2 discards 10H.
Player3 plays 6C
Player4 plays 7D
Player1 plays 8C
Player2 discards 2S.
Player3 plays 5C
Player4 plays 9C
Player1 plays 10S
Player2 plays JS
Player3 plays QS
Player4 plays 10C
Player1 plays 9H
Player2 plays KS
Player3 plays 6D
Player4 plays 8D
Player1 plays 4C
Player2 plays 5D
Player3 plays 9D
Player4 plays JC
Player1 plays 3C
Player2 plays 4D
Player3 plays QC
Player4 plays KC
Player1 plays 3D
Player2 plays 2D
Player3 plays 10D
Player4 plays AD
Player1 plays JD
Player2 discards 2H.
Player3 plays 6S
Player4 plays 2C
Player1 plays QD
Player2 discards KH.
Player3 plays 5S
Player4 plays AC
Player1 plays 4H
Player2 discards 3S.
Player3 plays 4S
Player4 discards AH.
Player1 plays 3H
Player2 discards JH.
Player3 discards AS.
Player4 discards QH.
Player1 plays KD
Player1's discards:
Player0's score: 1 + 0 = 1
Player2's discards: 10H 2S 2H KH 3S JH
Player1's score: 16 + 41 = 57
Player3's discards: AS
Player2's score: 0 + 1 = 1
Player4's discards: AH QH
Player3's score: 2 + 13 = 15
A new round begins. It’s Player1’s turn to play.
Player1 plays 7S
Player2 plays 6S
Player3 plays 5S
Player4 discards 10D.
Player1 plays 7C
Player2 discards 8D.
Player3 plays 4S
Player4 plays 6C
Player1 plays 5C
Player2 plays 4C
Player3 plays 8C
Player4 discards 4D.
Player1 plays 7D
Player2 plays 3C
Player3 plays 6D
Player4 discards 10C.
Player1 plays 9C
Player2 plays 5D
Player3 plays 7H
Player4 plays 6H
Player1 plays 8S
Player2 plays 3S
Player3 plays 5H
Player4 plays 4H
Player1 plays 3H
Player2 plays 2S
Player3 plays 8H
Player4 plays 2H
Player1 plays 9S
Player2 plays 10S
Player3 plays 9H
Player4 plays JS
Player1 discards QC.
Player2 plays QS
Player3 plays AS
Player4 plays AH
Player1 plays KS
Player2 plays 10H
Player3 discards QH.
Player4 discards AD.
Player1 discards QD.
Player2 plays JH
Player3 discards AC.
Player4 discards 3D.
Player1 discards 2D.
Player2 plays 2C
Player3 discards JC.
Player4 discards KH.
Player1 discards KC.
Player2 discards KD.
Player3 discards JD.
Player4 discards 9D.
Player1's discards: QC QD 2D KC
Player0's score: 1 + 39 = 40
Player2's discards: 8D KD
Player1's score: 57 + 21 = 78
Player3's discards: QH AC JC JD
Player2's score: 1 + 35 = 36
Player4's discards: 10D 4D 10C AD 3D KH 9D
Player3's score: 15 + 50 = 65
A new round begins. It’s Player2’s turn to play.
Player2 plays 7S
Player3 plays 7C
Player4 plays 6C
Player1 plays 8S
Player2 plays 7H
Player3 plays 6H
Player4 plays 9S
Player1 plays 10S
Player2 plays 7D
Player3 plays 6D
Player4 plays 8C
Player1 plays 5C
Player2 plays 5D
Player3 plays 9C
Player4 plays 4C
Player1 plays 3C
Player2 plays 10C
Player3 plays 5H
Player4 plays 4D
Player1 plays JC
Player2 plays 2C
Player3 plays 4H
Player4 discards JD.
Player1 plays AC
Player2 plays 6S
Player3 plays 3D
Player4 discards QS.
Player1 plays QC
Player2 plays 5S
Player3 plays 2D
Player4 plays 4S
Player1 plays AD
Player2 plays 3H
Player3 plays 2H
Player4 discards AS.
Player1 plays 3S
Player2 plays 2S
Player3 plays AH
Player4 discards KH.
Player1 plays JS
Player2 plays 8D
Player3 plays 8H
Player4 discards QD.
Player1 discards KS.
Player2 plays 9D
Player3 plays 9H
Player4 plays 10H
Player1 plays 10D
Player2 plays KC
Player3 discards QH.
Player4 discards KD.
Player1 plays JH
Player1's discards: KS
Player0's score: 40 + 13 = 53
Player2's discards:
Player1's score: 78 + 0 = 78
Player3's discards: QH
Player2's score: 36 + 12 = 48
Player4's discards: JD QS AS KH QD KD
Player3's score: 65 + 62 = 127
Player3 wins!
