6
Is Player a human (h) or a computer (c)?
Is Player a human (h) or a computer (c)?
Is Player a human (h) or a computer (c)?
Is Player a human (h) or a computer (c)?
A new round begins. It’s Player1’s turn to play.
Cards on the table:
Clubs:
Diamonds:
Hearts:
Spades:
Your Hand: 7H 7S 10D 10S QH 4S 8D 9D QS 4H AC JH KS
Legal Plays: 7S
Player1 plays 7S.
Player2 plays 6S
Player3 plays 8S
Player4 plays 7C
Cards on the table:
Clubs: 7
Diamonds:
Hearts:
Spades: 6 7 8
Your Hand: 7H 10D 10S QH 4S 8D 9D QS 4H AC JH KS
Legal Plays: 7H
Player1 plays 7H.
Player2 plays 6H
Player3 plays 8H
Player4 plays 5H
Cards on the table:
Clubs: 7
Diamonds:
Hearts: 5 6 7 8
Spades: 6 7 8
Your Hand: 10D 10S QH 4S 8D 9D QS 4H AC JH KS
Legal Plays: 4H
Player1 plays 4H.
Player2 plays 9S
Player3 plays 8C
Player4 plays 3H
Cards on the table:
Clubs: 7 8
Diamonds:
Hearts: 3 4 5 6 7 8
Spades: 6 7 8 9
Your Hand: 10D 10S QH 4S 8D 9D QS AC JH KS
Legal Plays: 10S
Player1 plays 10S.
Player2 plays 9C
Player3 plays 2H
Player4 plays 9H
Cards on the table:
Clubs: 7 8 9
Diamonds:
Hearts: 2 3 4 5 6 7 8 9
Spades: 6 7 8 9 10
Your Hand: 10D QH 4S 8D 9D QS AC JH KS
Legal Plays:
Player1 discards KS.
Player2 plays 10C
Player3 plays AH
Player4 plays 5S
Cards on the table:
Clubs: 7 8 9 10
Diamonds:
Hearts: A 2 3 4 5 6 7 8 9
Spades: 5 6 7 8 9 10
Your Hand: 10D QH 4S 8D 9D QS AC JH
Legal Plays: 4S
Player1 plays 4S.
Player2 plays 10H
Player3 plays 3S
Player4 plays JC
Cards on the table:
Clubs: 7 8 9 10 J
Diamonds:
Hearts: A 2 3 4 5 6 7 8 9 10
Spades: 3 4 5 6 7 8 9 10
Your Hand: 10D QH 8D 9D QS AC JH
Legal Plays: JH
Player1 plays JH.
Player2 plays QC
Player3 plays 7D
Player4 plays KC
Cards on the table:
Clubs: 7 8 9 10 J Q K
Diamonds: 7
Hearts: A 2 3 4 5 6 7 8 9 10 J
Spades: 3 4 5 6 7 8 9 10
Your Hand: 10D QH 8D 9D QS AC
Legal Plays: QH 8D
Player1 plays QH.
Player2 plays KH
Player3 plays 6C
Player4 discards JD.
Cards on the table:
Clubs: 6 7 8 9 10 J Q K
Diamonds: 7
Hearts: A 2 3 4 5 6 7 8 9 10 J Q K
Spades: 3 4 5 6 7 8 9 10
Your Hand: 10D 8D 9D QS AC
Legal Plays: 8D
Player1 plays 8D.
Player2 plays 5C
Player3 plays JS
Player4 plays 4C
Cards on the table:
Clubs: 4 5 6 7 8 9 10 J Q K
Diamonds: 7 8
Hearts: A 2 3 4 5 6 7 8 9 10 J Q K
Spades: 3 4 5 6 7 8 9 10 J
Your Hand: 10D 9D QS AC
Legal Plays: 9D QS
Player1 plays QS.
Player2 plays 6D
Player3 plays 5D
Player4 plays 3C
Cards on the table:
Clubs: 3 4 5 6 7 8 9 10 J Q K
Diamonds: 5 6 7 8
Hearts: A 2 3 4 5 6 7 8 9 10 J Q K
Spades: 3 4 5 6 7 8 9 10 J Q
Your Hand: 10D 9D AC
Legal Plays: 9D
Player1 plays 9D.
Player2 plays 2S
Player3 plays 2C
Player4 discards QD.
Cards on the table:
Clubs: 2 3 4 5 6 7 8 9 10 J Q K
Diamonds: 5 6 7 8 9
Hearts: A 2 3 4 5 6 7 8 9 10 J Q K
Spades: 2 3 4 5 6 7 8 9 10 J Q
Your Hand: 10D AC
Legal Plays: 10D AC
Player1 plays 10D.
Player2 plays AS
Player3 plays 4D
Player4 discards KD.
Cards on the table:
Clubs: 2 3 4 5 6 7 8 9 10 J Q K
Diamonds: 4 5 6 7 8 9 10
Hearts: A 2 3 4 5 6 7 8 9 10 J Q K
Spades: A 2 3 4 5 6 7 8 9 10 J Q
Your Hand: AC
Legal Plays: AC
Player1 plays AC.
Player2 plays 3D
Player3 discards AD.
Player4 plays 2D
Player1's discards: KS
Player0's score: 0 + 13 = 13
Player2's discards:
Player1's score: 0 + 0 = 0
Player3's discards: AD
Player2's score: 0 + 1 = 1
Player4's discards: JD QD KD
Player3's score: 0 + 36 = 36
A new round begins. It’s Player3’s turn to play.
Player3 plays 7S
Player4 plays 6S
Cards on the table:
Clubs:
Diamonds:
Hearts:
Spades: 6 7
Your Hand: 2C 9H 10H KC 6C 5H 2S 10C 5S 3S 7H 7D JC
Legal Plays: 5S 7H 7D
Player1 plays 7H.
Player2 plays 7C
Player3 plays 8S
Player4 plays 8H
Cards on the table:
Clubs: 7
Diamonds:
Hearts: 7 8
Spades: 6 7 8
Your Hand: 2C 9H 10H KC 6C 5H 2S 10C 5S 3S 7D JC
Legal Plays: 9H 6C 5S 7D
Player1 plays 9H.
Player2 plays 9S
Player3 plays 6H
Player4 plays 10S
Cards on the table:
Clubs: 7
Diamonds:
Hearts: 6 7 8 9
Spades: 6 7 8 9 10
Your Hand: 2C 10H KC 6C 5H 2S 10C 5S 3S 7D JC
Legal Plays: 10H 6C 5H 5S 7D
Player1 plays 10H.
Player2 plays JS
Player3 discards QC.
Player4 discards 3D.
Cards on the table:
Clubs: 7
Diamonds:
Hearts: 6 7 8 9 10
Spades: 6 7 8 9 10 J
Your Hand: 2C KC 6C 5H 2S 10C 5S 3S 7D JC
Legal Plays: 6C 5H 5S 7D
Player1 plays 7D.
Player2 plays QS
Player3 plays 6D
Player4 plays 8D
Cards on the table:
Clubs: 7
Diamonds: 6 7 8
Hearts: 6 7 8 9 10
Spades: 6 7 8 9 10 J Q
Your Hand: 2C KC 6C 5H 2S 10C 5S 3S JC
Legal Plays: 6C 5H 5S
Player1 plays 6C.
Player2 plays JH
Player3 plays 5C
Player4 plays KS
Cards on the table:
Clubs: 5 6 7
Diamonds: 6 7 8
Hearts: 6 7 8 9 10 J
Spades: 6 7 8 9 10 J Q K
Your Hand: 2C KC 5H 2S 10C 5S 3S JC
Legal Plays: 5H 5S
Player1 plays 5H.
Player2 plays QH
Player3 plays 5D
Player4 plays 4D
Cards on the table:
Clubs: 5 6 7
Diamonds: 4 5 6 7 8
Hearts: 5 6 7 8 9 10 J Q
Spades: 6 7 8 9 10 J Q K
Your Hand: 2C KC 2S 10C 5S 3S JC
Legal Plays: 5S
Player1 plays 5S.
Player2 plays 4H
Player3 plays 3H
Player4 plays 4C
Cards on the table:
Clubs: 4 5 6 7
Diamonds: 4 5 6 7 8
Hearts: 3 4 5 6 7 8 9 10 J Q
Spades: 5 6 7 8 9 10 J Q K
Your Hand: 2C KC 2S 10C 3S JC
Legal Plays:
Player1 discards 2C.
Player2 plays 2H
Player3 plays AH
Player4 discards 10D.
Cards on the table:
Clubs: 4 5 6 7
Diamonds: 4 5 6 7 8
Hearts: A 2 3 4 5 6 7 8 9 10 J Q
Spades: 5 6 7 8 9 10 J Q K
Your Hand: KC 2S 10C 3S JC
Legal Plays:
Player1 discards 2S.
Player2 plays 3C
Player3 plays 9D
Player4 discards AD.
Cards on the table:
Clubs: 3 4 5 6 7
Diamonds: 4 5 6 7 8 9
Hearts: A 2 3 4 5 6 7 8 9 10 J Q
Spades: 5 6 7 8 9 10 J Q K
Your Hand: KC 10C 3S JC
Legal Plays:
Player1 discards 3S.
Player2 plays 8C
Player3 plays 4S
Player4 plays 9C
Cards on the table:
Clubs: 3 4 5 6 7 8 9
Diamonds: 4 5 6 7 8 9
Hearts: A 2 3 4 5 6 7 8 9 10 J Q
Spades: 4 5 6 7 8 9 10 J Q K
Your Hand: KC 10C JC
Legal Plays: 10C
Player1 plays 10C.
Player2 plays KH
Player3 discards KD.
Player4 discards AS.
Cards on the table:
Clubs: 3 4 5 6 7 8 9 10
Diamonds: 4 5 6 7 8 9
Hearts: A 2 3 4 5 6 7 8 9 10 J Q K
Spades: 4 5 6 7 8 9 10 J Q K
Your Hand: KC JC
Legal Plays: JC
Player1 plays JC.
Player2 discards QD.
Player3 discards 2D.
Player4 discards AC.
Cards on the table:
Clubs: 3 4 5 6 7 8 9 10 J
Diamonds: 4 5 6 7 8 9
Hearts: A 2 3 4 5 6 7 8 9 10 J Q K
Spades: 4 5 6 7 8 9 10 J Q K
Your Hand: KC
Legal Plays:
Player1 discards KC.
Player2 discards JD.
Player1's discards: 2C 2S 3S KC
Player0's score: 13 + 20 = 33
Player2's discards: QD JD
Player1's score: 0 + 23 = 23
Player3's discards: QC KD 2D
Player2's score: 1 + 27 = 28
Player4's discards: 3D 10D AD AS AC
Player3's score: 36 + 16 = 52
A new round begins. It’s Player1’s turn to play.
Cards on the table:
Clubs:
Diamonds:
Hearts:
Spades:
Your Hand: 7S 4D 8C KS 4S 8H 3C 4H 4C 3H 2C 6D AC
Legal Plays: 7S
Player1 plays 7S.
Player2 plays 8S
Player3 plays 9S
Player4 plays 10S
Cards on the table:
Clubs:
Diamonds:
Hearts:
Spades: 7 8 9 10
Your Hand: 4D 8C KS 4S 8H 3C 4H 4C 3H 2C 6D AC
Legal Plays:
Player1 discards KS.
Player2 plays 7D
Player3 discards JH.
Player4 plays 7H
Cards on the table:
Clubs:
Diamonds: 7
Hearts: 7
Spades: 7 8 9 10
Your Hand: 4D 8C 4S 8H 3C 4H 4C 3H 2C 6D AC
Legal Plays: 8H 6D
Player1 plays 6D.
Player2 plays 8D
Player3 plays 5D
Player4 plays 6H
Cards on the table:
Clubs:
Diamonds: 5 6 7 8
Hearts: 6 7
Spades: 7 8 9 10
Your Hand: 4D 8C 4S 8H 3C 4H 4C 3H 2C AC
Legal Plays: 4D 8H
Player1 plays 4D.
Player2 plays 7C
Player3 plays 5H
Player4 discards KH.
Cards on the table:
Clubs: 7
Diamonds: 4 5 6 7 8
Hearts: 5 6 7
Spades: 7 8 9 10
Your Hand: 8C 4S 8H 3C 4H 4C 3H 2C AC
Legal Plays: 8C 8H 4H
Player1 plays 4H.
Player2 plays 6C
Player3 discards AS.
Player4 plays 5C
Cards on the table:
Clubs: 5 6 7
Diamonds: 4 5 6 7 8
Hearts: 4 5 6 7
Spades: 7 8 9 10
Your Hand: 8C 4S 8H 3C 4C 3H 2C AC
Legal Plays: 8C 8H 4C 3H
Player1 plays 4C.
Player2 plays 9D
Player3 discards QH.
Player4 discards 10H.
Cards on the table:
Clubs: 4 5 6 7
Diamonds: 4 5 6 7 8 9
Hearts: 4 5 6 7
Spades: 7 8 9 10
Your Hand: 8C 4S 8H 3C 3H 2C AC
Legal Plays: 8C 8H 3C 3H
Player1 plays 3C.
Player2 plays 10D
Player3 discards AD.
Player4 plays JD
Cards on the table:
Clubs: 3 4 5 6 7
Diamonds: 4 5 6 7 8 9 10 J
Hearts: 4 5 6 7
Spades: 7 8 9 10
Your Hand: 8C 4S 8H 3H 2C AC
Legal Plays: 8C 8H 3H 2C
Player1 plays 2C.
Player2 plays JS
Player3 discards KD.
Player4 plays QD
Cards on the table:
Clubs: 2 3 4 5 6 7
Diamonds: 4 5 6 7 8 9 10 J Q
Hearts: 4 5 6 7
Spades: 7 8 9 10 J
Your Hand: 8C 4S 8H 3H AC
Legal Plays: 8C 8H 3H AC
Player1 plays AC.
Player2 plays 6S
Player3 discards 9H.
Player4 plays QS
Cards on the table:
Clubs: A 2 3 4 5 6 7
Diamonds: 4 5 6 7 8 9 10 J Q
Hearts: 4 5 6 7
Spades: 6 7 8 9 10 J Q
Your Hand: 8C 4S 8H 3H
Legal Plays: 8C 8H 3H
Player1 plays 3H.
Player2 plays 5S
Player3 plays 2H
Player4 plays AH
Cards on the table:
Clubs: A 2 3 4 5 6 7
Diamonds: 4 5 6 7 8 9 10 J Q
Hearts: A 2 3 4 5 6 7
Spades: 5 6 7 8 9 10 J Q
Your Hand: 8C 4S 8H
Legal Plays: 8C 4S 8H
Player1 plays 4S.
Player2 plays 3S
Player3 discards QC.
Player4 plays 2S
Cards on the table:
Clubs: A 2 3 4 5 6 7
Diamonds: 4 5 6 7 8 9 10 J Q
Hearts: A 2 3 4 5 6 7
Spades: 2 3 4 5 6 7 8 9 10 J Q
Your Hand: 8C 8H
Legal Plays: 8C 8H
Player1 plays 8H.
Player2 plays 3D
Player3 discards 10C.
Player4 discards KC.
Cards on the table:
Clubs: A 2 3 4 5 6 7
Diamonds: 3 4 5 6 7 8 9 10 J Q
Hearts: A 2 3 4 5 6 7 8
Spades: 2 3 4 5 6 7 8 9 10 J Q
Your Hand: 8C
Legal Plays: 8C
Player1 plays 8C.
Player2 plays 2D
Player3 plays 9C
Player4 discards JC.
Player1's discards: KS
Player0's score: 33 + 13 = 46
Player2's discards:
Player1's score: 23 + 0 = 23
Player3's discards: JH AS QH AD KD 9H QC 10C
Player2's score: 28 + 69 = 97
Player4's discards: KH 10H KC JC
Player3's score: 52 + 47 = 99
Player2 wins!
